25-04-2024 22:55:37	This log contains information about the import schema operation into project 'Matrimony.Database' on computer 'DESKTOP-O2RGDVD' by user 'Rinku'.
25-04-2024 22:55:38	Import of database schema has started.
25-04-2024 22:55:46	Gathering database credentials
25-04-2024 22:55:46	Gathering database options
25-04-2024 22:55:46	Gathering generic database scoped configuration option
25-04-2024 22:55:46	Gathering users
25-04-2024 22:55:46	Gathering roles
25-04-2024 22:55:46	Gathering application roles
25-04-2024 22:55:46	Gathering role memberships
25-04-2024 22:55:46	Gathering filegroups
25-04-2024 22:55:46	Gathering full-text catalogs
25-04-2024 22:55:46	Gathering assemblies
25-04-2024 22:55:46	Gathering certificates
25-04-2024 22:55:46	Gathering asymmetric keys
25-04-2024 22:55:46	Gathering symmetric keys
25-04-2024 22:55:46	Gathering encrypted symmetric keys
25-04-2024 22:55:46	Gathering schemas
25-04-2024 22:55:46	Gathering XML schema collections
25-04-2024 22:55:46	Gathering user-defined data types
25-04-2024 22:55:46	Gathering user-defined types
25-04-2024 22:55:46	Gathering table types
25-04-2024 22:55:46	Gathering unique keys for table types
25-04-2024 22:55:46	Gathering primary keys for table types
25-04-2024 22:55:46	Gathering indexes for table types
25-04-2024 22:55:46	Gathering check constraints for table types
25-04-2024 22:55:46	Gathering default constraints for table types
25-04-2024 22:55:46	Gathering partition functions
25-04-2024 22:55:46	Gathering partition schemes
25-04-2024 22:55:46	Gathering functions
25-04-2024 22:55:46	Gathering encrypted functions
25-04-2024 22:55:46	Gathering aggregates
25-04-2024 22:55:46	Gathering procedures
25-04-2024 22:55:46	Gathering encrypted procedures
25-04-2024 22:55:46	Gathering tables
25-04-2024 22:55:46	Gathering primary keys
25-04-2024 22:55:46	Gathering unique constraints
25-04-2024 22:55:46	Gathering foreign keys
25-04-2024 22:55:46	Gathering default constraints
25-04-2024 22:55:46	Gathering check constraints
25-04-2024 22:55:46	Gathering views
25-04-2024 22:55:46	Gathering encrypted views
25-04-2024 22:55:46	Gathering indexes
25-04-2024 22:55:46	Gathering statistics
25-04-2024 22:55:46	Gathering full-text index stoplists
25-04-2024 22:55:46	Gathering search property lists
25-04-2024 22:55:46	Gathering search properties
25-04-2024 22:55:46	Gathering full-text indexes
25-04-2024 22:55:46	Gathering column store indexes
25-04-2024 22:55:46	Gathering spatial indexes
25-04-2024 22:55:46	Gathering XML indexes
25-04-2024 22:55:46	Gathering Selective XML indexes
25-04-2024 22:55:46	Gathering encrypted triggers
25-04-2024 22:55:46	Gathering triggers
25-04-2024 22:55:46	Gathering encrypted and clr ddl triggers
25-04-2024 22:55:46	Gathering ddl triggers
25-04-2024 22:55:46	Creating edge constraints
25-04-2024 22:55:46	Gathering synonyms
25-04-2024 22:55:46	Gathering defaults
25-04-2024 22:55:46	Gathering data constraint uddt bindings
25-04-2024 22:55:46	Gathering rules
25-04-2024 22:55:46	Gathering data constraint uddt bindings
25-04-2024 22:55:46	Gathering message types
25-04-2024 22:55:46	Gathering queues
25-04-2024 22:55:46	Gathering contracts
25-04-2024 22:55:46	Gathering services
25-04-2024 22:55:46	Gathering event notifications
25-04-2024 22:55:46	Gathering remote service bindings
25-04-2024 22:55:46	Gathering broker priorities
25-04-2024 22:55:46	Gathering signatures
25-04-2024 22:55:46	Gathering compression options
25-04-2024 22:55:46	Gathering sequence types
25-04-2024 22:55:46	Gathering security policies
25-04-2024 22:55:46	Gather column encryption keys
25-04-2024 22:55:46	Gathering column master keys
25-04-2024 22:55:46	Gathering external data sources
25-04-2024 22:55:46	Gathering external file formats
25-04-2024 22:55:46	Gathering external tables
25-04-2024 22:55:46	Gathering XML index compression options
25-04-2024 22:55:46	Gathering extended properties
25-04-2024 22:55:46	Gathering assemblies
25-04-2024 22:55:47	Gathering credentials
25-04-2024 22:55:47	Gathering logins
25-04-2024 22:55:47	Gathering server audits
25-04-2024 22:55:47	Scanning project for duplicate elements
25-04-2024 22:55:47	Finished duplicate element processing
25-04-2024 22:55:48	Finished importing database.
25-04-2024 22:55:48	A summary of the import was saved to the following location: C:\Project\Matrimony\Web\Matrimony\Matrimony.Database\Import Schema Logs\Matrimony.Database_20240425052537.log
25-04-2024 22:55:48	Click Finish to continue...
